Info: Starting: Create block symbol file (.bsf)
Info: qsys-generate D:\Users\James\NextCloud\Quartus\RISCV-DE10-Nano\src\quartus\terasic_hps_ddr3\terasic_hps_ddr3.qsys --block-symbol-file --output-directory=D:\Users\James\NextCloud\Quartus\RISCV-DE10-Nano\src\quartus\terasic_hps_ddr3 --family="Cyclone V" --part=5CSEBA6U23I7
Progress: Loading terasic_hps_ddr3/terasic_hps_ddr3.qsys
Progress: Reading input file
Progress: Adding address_span_extender_0 [altera_address_span_extender 18.1]
Progress: Parameterizing module address_span_extender_0
Progress: Adding clk_50 [clock_source 18.1]
Progress: Parameterizing module clk_50
Progress: Adding clock_bridge_0 [altera_clock_bridge 18.1]
Progress: Parameterizing module clock_bridge_0
Progress: Adding hps [altera_hps 18.1]
Progress: Parameterizing module hps
Progress: Adding hps_reset_manager_0 [hps_reset_manager 1.0]
Progress: Parameterizing module hps_reset_manager_0
Progress: Building connections
Progress: Parameterizing connections
Progress: Validating
Progress: Done reading input file
Info: terasic_hps_ddr3.hps: HPS Main PLL counter settings: n = 0  m = 63
Info: terasic_hps_ddr3.hps: HPS peripherial PLL counter settings: n = 0  m = 39
Warning: terasic_hps_ddr3.hps: set_interface_assignment: Interface "hps_io" does not exist
Info: qsys-generate succeeded.
Info: Finished: Create block symbol file (.bsf)
Info: 
Info: Starting: Create HDL design files for synthesis
Info: qsys-generate D:\Users\James\NextCloud\Quartus\RISCV-DE10-Nano\src\quartus\terasic_hps_ddr3\terasic_hps_ddr3.qsys --synthesis=VERILOG --output-directory=D:\Users\James\NextCloud\Quartus\RISCV-DE10-Nano\src\quartus\terasic_hps_ddr3\synthesis --family="Cyclone V" --part=5CSEBA6U23I7
Progress: Loading terasic_hps_ddr3/terasic_hps_ddr3.qsys
Progress: Reading input file
Progress: Adding address_span_extender_0 [altera_address_span_extender 18.1]
Progress: Parameterizing module address_span_extender_0
Progress: Adding clk_50 [clock_source 18.1]
Progress: Parameterizing module clk_50
Progress: Adding clock_bridge_0 [altera_clock_bridge 18.1]
Progress: Parameterizing module clock_bridge_0
Progress: Adding hps [altera_hps 18.1]
Progress: Parameterizing module hps
Progress: Adding hps_reset_manager_0 [hps_reset_manager 1.0]
Progress: Parameterizing module hps_reset_manager_0
Progress: Building connections
Progress: Parameterizing connections
Progress: Validating
Progress: Done reading input file
Info: terasic_hps_ddr3.hps: HPS Main PLL counter settings: n = 0  m = 63
Info: terasic_hps_ddr3.hps: HPS peripherial PLL counter settings: n = 0  m = 39
Warning: terasic_hps_ddr3.hps: set_interface_assignment: Interface "hps_io" does not exist
Info: terasic_hps_ddr3: Generating terasic_hps_ddr3 "terasic_hps_ddr3" for QUARTUS_SYNTH
Info: Interconnect is inserted between master address_span_extender_0.expanded_master and slave hps.f2h_sdram0_data because the master has address signal 32 bit wide, but the slave is 28 bit wide.
Info: Interconnect is inserted between master address_span_extender_0.expanded_master and slave hps.f2h_sdram0_data because the master has burstcount signal 9 bit wide, but the slave is 8 bit wide.
Info: address_span_extender_0: "terasic_hps_ddr3" instantiated altera_address_span_extender "address_span_extender_0"
Info: hps: "Running  for module: hps"
Info: hps: HPS Main PLL counter settings: n = 0  m = 63
Info: hps: HPS peripherial PLL counter settings: n = 0  m = 39
Warning: hps: set_interface_assignment: Interface "hps_io" does not exist
Info: hps: "terasic_hps_ddr3" instantiated altera_hps "hps"
Info: hps_reset_manager_0: "terasic_hps_ddr3" instantiated hps_reset_manager "hps_reset_manager_0"
Info: avalon_st_adapter: Inserting error_adapter: error_adapter_0
Info: mm_interconnect_0: "terasic_hps_ddr3" instantiated altera_mm_interconnect "mm_interconnect_0"
Info: rst_controller: "terasic_hps_ddr3" instantiated altera_reset_controller "rst_controller"
Info: fpga_interfaces: "hps" instantiated altera_interface_generator "fpga_interfaces"
Info: hps_io: "hps" instantiated altera_hps_io "hps_io"
Info: address_span_extender_0_expanded_master_translator: "mm_interconnect_0" instantiated altera_merlin_master_translator "address_span_extender_0_expanded_master_translator"
Info: hps_f2h_sdram0_data_translator: "mm_interconnect_0" instantiated altera_merlin_slave_translator "hps_f2h_sdram0_data_translator"
Info: address_span_extender_0_expanded_master_agent: "mm_interconnect_0" instantiated altera_merlin_master_agent "address_span_extender_0_expanded_master_agent"
Info: hps_f2h_sdram0_data_agent: "mm_interconnect_0" instantiated altera_merlin_slave_agent "hps_f2h_sdram0_data_agent"
Info: hps_f2h_sdram0_data_agent_rsp_fifo: "mm_interconnect_0" instantiated altera_avalon_sc_fifo "hps_f2h_sdram0_data_agent_rsp_fifo"
Info: router: "mm_interconnect_0" instantiated altera_merlin_router "router"
Info: router_001: "mm_interconnect_0" instantiated altera_merlin_router "router_001"
Info: hps_f2h_sdram0_data_burst_adapter: "mm_interconnect_0" instantiated altera_merlin_burst_adapter "hps_f2h_sdram0_data_burst_adapter"
Info: cmd_demux: "mm_interconnect_0" instantiated altera_merlin_demultiplexer "cmd_demux"
Info: cmd_mux: "mm_interconnect_0" instantiated altera_merlin_multiplexer "cmd_mux"
Info: rsp_mux: "mm_interconnect_0" instantiated altera_merlin_multiplexer "rsp_mux"
Info: Reusing file D:/Users/James/NextCloud/Quartus/RISCV-DE10-Nano/src/quartus/terasic_hps_ddr3/synthesis/submodules/altera_merlin_arbitrator.sv
Info: avalon_st_adapter: "mm_interconnect_0" instantiated altera_avalon_st_adapter "avalon_st_adapter"
Info: border: "hps_io" instantiated altera_interface_generator "border"
Info: error_adapter_0: "avalon_st_adapter" instantiated error_adapter "error_adapter_0"
Info: terasic_hps_ddr3: Done "terasic_hps_ddr3" with 22 modules, 80 files
Info: qsys-generate succeeded.
Info: Finished: Create HDL design files for synthesis
