Info: Starting: Create simulation model
Info: qsys-generate D:\Users\James\NextCloud\Quartus\RISCV-DE10-Nano\ADC.qsys --simulation=VERILOG --allow-mixed-language-simulation --output-directory=D:\Users\James\NextCloud\Quartus\RISCV-DE10-Nano\ADC\simulation --family="Cyclone V" --part=5CSEBA6U23I7
Progress: Loading RISCV-DE10-Nano/ADC.qsys
Progress: Reading input file
Progress: Adding adc_mega_0 [altera_up_avalon_adc_mega 18.0]
Progress: Parameterizing module adc_mega_0
Progress: Building connections
Progress: Parameterizing connections
Progress: Validating
Progress: Done reading input file
Info: ADC: Generating ADC "ADC" for SIM_VERILOG
Info: adc_mega_0: Starting Generation of ADC Controller for DE-series Board
Info: adc_mega_0: C:/intelfpga_lite/18.1/ip/altera/university_program/input_output/altera_up_avalon_adc/hdl/altera_up_avalon_adv_adc.v C:/Users/jotin/AppData/Local/Temp/alt8140_1600337232647118047.dir/0002_sopcgen/ADC_adc_mega_0.v
Warning: adc_mega_0: Generation callback did not provide a top level file.  Found ADC_adc_mega_0.v in output directory - callback must `add_file $output_dir/ADC_adc_mega_0.v {SIMULATION SYNTHESIS}`
Info: adc_mega_0: "ADC" instantiated altera_up_avalon_adc_mega "adc_mega_0"
Info: ADC: Done "ADC" with 2 modules, 3 files
Info: qsys-generate succeeded.
Info: Finished: Create simulation model
Info: Starting: Create Modelsim Project.
Info: sim-script-gen --spd=D:\Users\James\NextCloud\Quartus\RISCV-DE10-Nano\ADC\ADC.spd --output-directory=D:/Users/James/NextCloud/Quartus/RISCV-DE10-Nano/ADC/simulation/ --use-relative-paths=true
Info: Doing: ip-make-simscript --spd=D:\Users\James\NextCloud\Quartus\RISCV-DE10-Nano\ADC\ADC.spd --output-directory=D:/Users/James/NextCloud/Quartus/RISCV-DE10-Nano/ADC/simulation/ --use-relative-paths=true
Info: Generating the following file(s) for MODELSIM simulator in D:/Users/James/NextCloud/Quartus/RISCV-DE10-Nano/ADC/simulation/ directory:
Info: 	mentor/msim_setup.tcl
Info: Generating the following file(s) for VCS simulator in D:/Users/James/NextCloud/Quartus/RISCV-DE10-Nano/ADC/simulation/ directory:
Info: 	synopsys/vcs/vcs_setup.sh
Info: Generating the following file(s) for VCSMX simulator in D:/Users/James/NextCloud/Quartus/RISCV-DE10-Nano/ADC/simulation/ directory:
Info: 	synopsys/vcsmx/synopsys_sim.setup
Info: 	synopsys/vcsmx/vcsmx_setup.sh
Info: Generating the following file(s) for NCSIM simulator in D:/Users/James/NextCloud/Quartus/RISCV-DE10-Nano/ADC/simulation/ directory:
Info: 	cadence/cds.lib
Info: 	cadence/hdl.var
Info: 	cadence/ncsim_setup.sh
Info: 	1 .cds.lib files in cadence/cds_libs/ directory
Info: Generating the following file(s) for RIVIERA simulator in D:/Users/James/NextCloud/Quartus/RISCV-DE10-Nano/ADC/simulation/ directory:
Info: 	aldec/rivierapro_setup.tcl
Info: For information on how to simulate your IP, see the explanatory comments in the simulator-specific subdirectories under D:/Users/James/NextCloud/Quartus/RISCV-DE10-Nano/ADC/simulation/.
Info: Regenerate these scripts whenever you make any change to any Quartus-generated IP in your project.
Info: Finished: Create Modelsim Project.
Info: Starting: Create block symbol file (.bsf)
Info: qsys-generate D:\Users\James\NextCloud\Quartus\RISCV-DE10-Nano\ADC.qsys --block-symbol-file --output-directory=D:\Users\James\NextCloud\Quartus\RISCV-DE10-Nano\ADC --family="Cyclone V" --part=5CSEBA6U23I7
Progress: Loading RISCV-DE10-Nano/ADC.qsys
Progress: Reading input file
Progress: Adding adc_mega_0 [altera_up_avalon_adc_mega 18.0]
Progress: Parameterizing module adc_mega_0
Progress: Building connections
Progress: Parameterizing connections
Progress: Validating
Progress: Done reading input file
Info: qsys-generate succeeded.
Info: Finished: Create block symbol file (.bsf)
Info: 
Info: Starting: Create HDL design files for synthesis
Info: qsys-generate D:\Users\James\NextCloud\Quartus\RISCV-DE10-Nano\ADC.qsys --synthesis=VERILOG --output-directory=D:\Users\James\NextCloud\Quartus\RISCV-DE10-Nano\ADC\synthesis --family="Cyclone V" --part=5CSEBA6U23I7
Progress: Loading RISCV-DE10-Nano/ADC.qsys
Progress: Reading input file
Progress: Adding adc_mega_0 [altera_up_avalon_adc_mega 18.0]
Progress: Parameterizing module adc_mega_0
Progress: Building connections
Progress: Parameterizing connections
Progress: Validating
Progress: Done reading input file
Info: ADC: Generating ADC "ADC" for QUARTUS_SYNTH
Info: adc_mega_0: Starting Generation of ADC Controller for DE-series Board
Info: adc_mega_0: C:/intelfpga_lite/18.1/ip/altera/university_program/input_output/altera_up_avalon_adc/hdl/altera_up_avalon_adv_adc.v C:/Users/jotin/AppData/Local/Temp/alt8140_1600337232647118047.dir/0006_sopcgen/ADC_adc_mega_0.v
Info: adc_mega_0: "ADC" instantiated altera_up_avalon_adc_mega "adc_mega_0"
Info: ADC: Done "ADC" with 2 modules, 3 files
Info: qsys-generate succeeded.
Info: Finished: Create HDL design files for synthesis
