Assembler report for DE10Nano
Sun Sep 12 17:42:31 2021
Quartus Prime Version 20.1.1 Build 720 11/11/2020 SJ Lite Edition


---------------------
; Table of Contents ;
---------------------
  1. Legal Notice
  2. Assembler Summary
  3. Assembler Settings
  4. Assembler Encrypted IP Cores Summary
  5. Assembler Generated Files
  6. Assembler Device Options: C:/Users/jotin/OneDrive/GitHub/RISCV-DE10-Nano/quartus/output/quartus/DE10Nano.sof
  7. Assembler Messages



----------------
; Legal Notice ;
----------------
Copyright (C) 2020  Intel Corporation. All rights reserved.
Your use of Intel Corporation's design tools, logic functions 
and other software and tools, and any partner logic 
functions, and any output files from any of the foregoing 
(including device programming or simulation files), and any 
associated documentation or information are expressly subject 
to the terms and conditions of the Intel Program License 
Subscription Agreement, the Intel Quartus Prime License Agreement,
the Intel FPGA IP License Agreement, or other applicable license
agreement, including, without limitation, that your use is for
the sole purpose of programming logic devices manufactured by
Intel and sold by Intel or its authorized distributors.  Please
refer to the applicable agreement for further details, at
https://fpgasoftware.intel.com/eula.



+---------------------------------------------------------------+
; Assembler Summary                                             ;
+-----------------------+---------------------------------------+
; Assembler Status      ; Successful - Sun Sep 12 17:42:31 2021 ;
; Revision Name         ; DE10Nano                              ;
; Top-level Entity Name ; fpga_top                              ;
; Family                ; Cyclone V                             ;
; Device                ; 5CSEBA6U23I7                          ;
+-----------------------+---------------------------------------+


+----------------------------------+
; Assembler Settings               ;
+--------+---------+---------------+
; Option ; Setting ; Default Value ;
+--------+---------+---------------+


+------------------------------------------------+
; Assembler Encrypted IP Cores Summary           ;
+--------+------------------------+--------------+
; Vendor ; IP Core Name           ; License Type ;
+--------+------------------------+--------------+
; Altera ; Signal Tap (6AF7 BCE1) ; Licensed     ;
; Altera ; Signal Tap (6AF7 BCEC) ; Licensed     ;
+--------+------------------------+--------------+


+------------------------------------------------------------------------------------+
; Assembler Generated Files                                                          ;
+------------------------------------------------------------------------------------+
; File Name                                                                          ;
+------------------------------------------------------------------------------------+
; C:/Users/jotin/OneDrive/GitHub/RISCV-DE10-Nano/quartus/output/quartus/DE10Nano.sof ;
+------------------------------------------------------------------------------------+


+--------------------------------------------------------------------------------------------------------------+
; Assembler Device Options: C:/Users/jotin/OneDrive/GitHub/RISCV-DE10-Nano/quartus/output/quartus/DE10Nano.sof ;
+----------------+---------------------------------------------------------------------------------------------+
; Option         ; Setting                                                                                     ;
+----------------+---------------------------------------------------------------------------------------------+
; JTAG usercode  ; 0x04AC3B3D                                                                                  ;
; Checksum       ; 0x04AC3B3D                                                                                  ;
+----------------+---------------------------------------------------------------------------------------------+


+--------------------+
; Assembler Messages ;
+--------------------+
Info: *******************************************************************
Info: Running Quartus Prime Assembler
    Info: Version 20.1.1 Build 720 11/11/2020 SJ Lite Edition
    Info: Processing started: Sun Sep 12 17:42:03 2021
Info: Command: quartus_asm --read_settings_files=off --write_settings_files=off DE10Nano -c DE10Nano
Info (115030): Assembler is generating device programming files
Info (11878): Hard Processor Subsystem configuration has not changed and a Preloader software update is not required
Info: Quartus Prime Assembler was successful. 0 errors, 0 warnings
    Info: Peak virtual memory: 5197 megabytes
    Info: Processing ended: Sun Sep 12 17:42:32 2021
    Info: Elapsed time: 00:00:29
    Info: Total CPU time (on all processors): 00:00:29


